<?xml version="1.0" encoding="UTF-8"?>
<!-- Generated by org.testng.reporters.JUnitXMLReporter -->
<testsuite ignored="5" hostname="MinhKhoi" failures="0" tests="5" name="LoginTests" time="30.824" errors="0" timestamp="2026-03-17T15:55:44 GMT+07:00">
  <testcase classname="tests.LoginDDTTest" name="testLoginNegative" time="1.062"/>
  <testcase classname="tests.LoginDDTTest" name="testLoginNegative" time="1.874"/>
  <testcase classname="tests.LoginDDTTest" name="testLoginNegative" time="1.305"/>
  <testcase classname="tests.LoginDDTTest" name="testLoginNegative" time="0.88"/>
  <testcase classname="tests.LoginDDTTest" name="testLoginNegative" time="1.114"/>
  <testcase classname="tests.LoginTest" name="testLockedOutUser" time="0.0">
    <ignored/>
  </testcase> <!-- testLockedOutUser -->
  <testcase classname="tests.LoginTest" name="testLoginWrongPassword" time="0.0">
    <ignored/>
  </testcase> <!-- testLoginWrongPassword -->
  <testcase classname="tests.LoginDDTTest" name="testLoginSmoke" time="0.0">
    <ignored/>
  </testcase> <!-- testLoginSmoke -->
  <testcase classname="tests.LoginTest" name="testLoginSuccess" time="0.0">
    <ignored/>
  </testcase> <!-- testLoginSuccess -->
  <testcase classname="tests.LoginTest" name="testLoginEmptyUsername" time="0.0">
    <ignored/>
  </testcase> <!-- testLoginEmptyUsername -->
</testsuite> <!-- LoginTests -->
