<?xml version="1.0" encoding="UTF-8"?>
<testng-results ignored="0" total="5" passed="5" failed="0" skipped="0">
  <reporter-output>
  </reporter-output>
  <suite started-at="2026-03-17T15:55:13 GMT+07:00" name="Lab9Suite" finished-at="2026-03-17T15:55:44 GMT+07:00" duration-ms="30868">
    <groups>
      <group name="regression">
        <method signature="LoginDDTTest.testLoginNegative(java.lang.String,java.lang.String,java.lang.String,java.lang.String)[pri:0, instance:tests.LoginDDTTest@76908cc0]" name="testLoginNegative" class="tests.LoginDDTTest"/>
      </group> <!-- regression -->
    </groups>
    <test started-at="2026-03-17T15:55:13 GMT+07:00" name="LoginTests" finished-at="2026-03-17T15:55:44 GMT+07:00" duration-ms="30824">
      <class name="tests.LoginDDTTest">
        <test-method is-config="true" signature="setUp(java.lang.String,java.lang.String)[pri:0, instance:tests.LoginDDTTest@76908cc0]" started-at="2026-03-17T15:55:15 GMT+07:00" name="setUp" finished-at="2026-03-17T15:55:19 GMT+07:00" duration-ms="4916" status="PASS">
          <params>
            <param index="0">
              <value>
                <![CDATA[chrome]]>
              </value>
            </param>
            <param index="1">
              <value>
                <![CDATA[dev]]>
              </value>
            </param>
          </params>
          <reporter-output>
          </reporter-output>
        </test-method> <!-- setUp -->
        <test-method signature="testLoginNegative(java.lang.String,java.lang.String,java.lang.String,java.lang.String)[pri:0, instance:tests.LoginDDTTest@76908cc0]" started-at="2026-03-17T15:55:19 GMT+07:00" name="testLoginNegative" description="Negative test đăng nhập từ Excel" data-provider="excelNegativeData" finished-at="2026-03-17T15:55:21 GMT+07:00" duration-ms="1062" status="PASS">
          <params>
            <param index="0">
              <value>
                <![CDATA[locked_out_user]]>
              </value>
            </param>
            <param index="1">
              <value>
                <![CDATA[secret_sauce]]>
              </value>
            </param>
            <param index="2">
              <value>
                <![CDATA[locked out]]>
              </value>
            </param>
            <param index="3">
              <value>
                <![CDATA[User bị khoá]]>
              </value>
            </param>
          </params>
          <reporter-output>
          </reporter-output>
        </test-method> <!-- testLoginNegative -->
        <test-method is-config="true" signature="tearDown(org.testng.ITestResult)[pri:0, instance:tests.LoginDDTTest@76908cc0]" started-at="2026-03-17T15:55:21 GMT+07:00" name="tearDown" finished-at="2026-03-17T15:55:21 GMT+07:00" duration-ms="482" status="PASS">
          <params>
            <param index="0">
              <value>
                <![CDATA[[TestResult name=testLoginNegative status=SUCCESS method=LoginDDTTest.testLoginNegative(java.lang.String,java.lang.String,java.lang.String,java.lang.String)[pri:0, instance:tests.LoginDDTTest@76908cc0] output={null}]]]>
              </value>
            </param>
          </params>
          <reporter-output>
          </reporter-output>
        </test-method> <!-- tearDown -->
        <test-method is-config="true" signature="setUp(java.lang.String,java.lang.String)[pri:0, instance:tests.LoginDDTTest@76908cc0]" started-at="2026-03-17T15:55:21 GMT+07:00" name="setUp" finished-at="2026-03-17T15:55:24 GMT+07:00" duration-ms="2963" status="PASS">
          <params>
            <param index="0">
              <value>
                <![CDATA[chrome]]>
              </value>
            </param>
            <param index="1">
              <value>
                <![CDATA[dev]]>
              </value>
            </param>
          </params>
          <reporter-output>
          </reporter-output>
        </test-method> <!-- setUp -->
        <test-method signature="testLoginNegative(java.lang.String,java.lang.String,java.lang.String,java.lang.String)[pri:0, instance:tests.LoginDDTTest@76908cc0]" started-at="2026-03-17T15:55:24 GMT+07:00" name="testLoginNegative" description="Negative test đăng nhập từ Excel" data-provider="excelNegativeData" finished-at="2026-03-17T15:55:26 GMT+07:00" duration-ms="1874" status="PASS">
          <params>
            <param index="0">
              <value>
                <![CDATA[standard_user]]>
              </value>
            </param>
            <param index="1">
              <value>
                <![CDATA[wrongpass]]>
              </value>
            </param>
            <param index="2">
              <value>
                <![CDATA[do not match]]>
              </value>
            </param>
            <param index="3">
              <value>
                <![CDATA[Sai mật khẩu]]>
              </value>
            </param>
          </params>
          <reporter-output>
          </reporter-output>
        </test-method> <!-- testLoginNegative -->
        <test-method is-config="true" signature="tearDown(org.testng.ITestResult)[pri:0, instance:tests.LoginDDTTest@76908cc0]" started-at="2026-03-17T15:55:26 GMT+07:00" name="tearDown" finished-at="2026-03-17T15:55:26 GMT+07:00" duration-ms="495" status="PASS">
          <params>
            <param index="0">
              <value>
                <![CDATA[[TestResult name=testLoginNegative status=SUCCESS method=LoginDDTTest.testLoginNegative(java.lang.String,java.lang.String,java.lang.String,java.lang.String)[pri:0, instance:tests.LoginDDTTest@76908cc0] output={null}]]]>
              </value>
            </param>
          </params>
          <reporter-output>
          </reporter-output>
        </test-method> <!-- tearDown -->
        <test-method is-config="true" signature="setUp(java.lang.String,java.lang.String)[pri:0, instance:tests.LoginDDTTest@76908cc0]" started-at="2026-03-17T15:55:26 GMT+07:00" name="setUp" finished-at="2026-03-17T15:55:30 GMT+07:00" duration-ms="3747" status="PASS">
          <params>
            <param index="0">
              <value>
                <![CDATA[chrome]]>
              </value>
            </param>
            <param index="1">
              <value>
                <![CDATA[dev]]>
              </value>
            </param>
          </params>
          <reporter-output>
          </reporter-output>
        </test-method> <!-- setUp -->
        <test-method signature="testLoginNegative(java.lang.String,java.lang.String,java.lang.String,java.lang.String)[pri:0, instance:tests.LoginDDTTest@76908cc0]" started-at="2026-03-17T15:55:30 GMT+07:00" name="testLoginNegative" description="Negative test đăng nhập từ Excel" data-provider="excelNegativeData" finished-at="2026-03-17T15:55:31 GMT+07:00" duration-ms="1305" status="PASS">
          <params>
            <param index="0">
              <value>
                <![CDATA[]]>
              </value>
            </param>
            <param index="1">
              <value>
                <![CDATA[secret_sauce]]>
              </value>
            </param>
            <param index="2">
              <value>
                <![CDATA[Username is required]]>
              </value>
            </param>
            <param index="3">
              <value>
                <![CDATA[Username rỗng]]>
              </value>
            </param>
          </params>
          <reporter-output>
          </reporter-output>
        </test-method> <!-- testLoginNegative -->
        <test-method is-config="true" signature="tearDown(org.testng.ITestResult)[pri:0, instance:tests.LoginDDTTest@76908cc0]" started-at="2026-03-17T15:55:31 GMT+07:00" name="tearDown" finished-at="2026-03-17T15:55:32 GMT+07:00" duration-ms="1055" status="PASS">
          <params>
            <param index="0">
              <value>
                <![CDATA[[TestResult name=testLoginNegative status=SUCCESS method=LoginDDTTest.testLoginNegative(java.lang.String,java.lang.String,java.lang.String,java.lang.String)[pri:0, instance:tests.LoginDDTTest@76908cc0] output={null}]]]>
              </value>
            </param>
          </params>
          <reporter-output>
          </reporter-output>
        </test-method> <!-- tearDown -->
        <test-method is-config="true" signature="setUp(java.lang.String,java.lang.String)[pri:0, instance:tests.LoginDDTTest@76908cc0]" started-at="2026-03-17T15:55:32 GMT+07:00" name="setUp" finished-at="2026-03-17T15:55:37 GMT+07:00" duration-ms="4854" status="PASS">
          <params>
            <param index="0">
              <value>
                <![CDATA[chrome]]>
              </value>
            </param>
            <param index="1">
              <value>
                <![CDATA[dev]]>
              </value>
            </param>
          </params>
          <reporter-output>
          </reporter-output>
        </test-method> <!-- setUp -->
        <test-method signature="testLoginNegative(java.lang.String,java.lang.String,java.lang.String,java.lang.String)[pri:0, instance:tests.LoginDDTTest@76908cc0]" started-at="2026-03-17T15:55:37 GMT+07:00" name="testLoginNegative" description="Negative test đăng nhập từ Excel" data-provider="excelNegativeData" finished-at="2026-03-17T15:55:38 GMT+07:00" duration-ms="880" status="PASS">
          <params>
            <param index="0">
              <value>
                <![CDATA[standard_user]]>
              </value>
            </param>
            <param index="1">
              <value>
                <![CDATA[]]>
              </value>
            </param>
            <param index="2">
              <value>
                <![CDATA[Password is required]]>
              </value>
            </param>
            <param index="3">
              <value>
                <![CDATA[Password rỗng]]>
              </value>
            </param>
          </params>
          <reporter-output>
          </reporter-output>
        </test-method> <!-- testLoginNegative -->
        <test-method is-config="true" signature="tearDown(org.testng.ITestResult)[pri:0, instance:tests.LoginDDTTest@76908cc0]" started-at="2026-03-17T15:55:38 GMT+07:00" name="tearDown" finished-at="2026-03-17T15:55:39 GMT+07:00" duration-ms="578" status="PASS">
          <params>
            <param index="0">
              <value>
                <![CDATA[[TestResult name=testLoginNegative status=SUCCESS method=LoginDDTTest.testLoginNegative(java.lang.String,java.lang.String,java.lang.String,java.lang.String)[pri:0, instance:tests.LoginDDTTest@76908cc0] output={null}]]]>
              </value>
            </param>
          </params>
          <reporter-output>
          </reporter-output>
        </test-method> <!-- tearDown -->
        <test-method is-config="true" signature="setUp(java.lang.String,java.lang.String)[pri:0, instance:tests.LoginDDTTest@76908cc0]" started-at="2026-03-17T15:55:39 GMT+07:00" name="setUp" finished-at="2026-03-17T15:55:42 GMT+07:00" duration-ms="3553" status="PASS">
          <params>
            <param index="0">
              <value>
                <![CDATA[chrome]]>
              </value>
            </param>
            <param index="1">
              <value>
                <![CDATA[dev]]>
              </value>
            </param>
          </params>
          <reporter-output>
          </reporter-output>
        </test-method> <!-- setUp -->
        <test-method signature="testLoginNegative(java.lang.String,java.lang.String,java.lang.String,java.lang.String)[pri:0, instance:tests.LoginDDTTest@76908cc0]" started-at="2026-03-17T15:55:42 GMT+07:00" name="testLoginNegative" description="Negative test đăng nhập từ Excel" data-provider="excelNegativeData" finished-at="2026-03-17T15:55:43 GMT+07:00" duration-ms="1114" status="PASS">
          <params>
            <param index="0">
              <value>
                <![CDATA[wrong_user]]>
              </value>
            </param>
            <param index="1">
              <value>
                <![CDATA[wrong_pass]]>
              </value>
            </param>
            <param index="2">
              <value>
                <![CDATA[do not match]]>
              </value>
            </param>
            <param index="3">
              <value>
                <![CDATA[Sai cả hai]]>
              </value>
            </param>
          </params>
          <reporter-output>
          </reporter-output>
        </test-method> <!-- testLoginNegative -->
        <test-method is-config="true" signature="tearDown(org.testng.ITestResult)[pri:0, instance:tests.LoginDDTTest@76908cc0]" started-at="2026-03-17T15:55:43 GMT+07:00" name="tearDown" finished-at="2026-03-17T15:55:44 GMT+07:00" duration-ms="531" status="PASS">
          <params>
            <param index="0">
              <value>
                <![CDATA[[TestResult name=testLoginNegative status=SUCCESS method=LoginDDTTest.testLoginNegative(java.lang.String,java.lang.String,java.lang.String,java.lang.String)[pri:0, instance:tests.LoginDDTTest@76908cc0] output={null}]]]>
              </value>
            </param>
          </params>
          <reporter-output>
          </reporter-output>
        </test-method> <!-- tearDown -->
      </class> <!-- tests.LoginDDTTest -->
    </test> <!-- LoginTests -->
    <test started-at="2026-03-17T15:55:44 GMT+07:00" name="FlakyTests" finished-at="2026-03-17T15:55:44 GMT+07:00" duration-ms="0">
    </test> <!-- FlakyTests -->
  </suite> <!-- Lab9Suite -->
</testng-results>
