<?xml version="1.0" encoding="UTF-8"?>
<!-- Generated by org.testng.reporters.JUnitReportReporter -->
<testsuite hostname="MinhKhoi" failures="0" tests="5" name="tests.LoginDDTTest" time="29.409" errors="0" timestamp="2026-03-17T15:55:44 GMT+07:00" skipped="0">
  <testcase classname="tests.LoginDDTTest" name="testLoginNegative" time="7.285"/>
  <testcase classname="tests.LoginDDTTest" name="testLoginNegative" time="6.494"/>
  <testcase classname="tests.LoginDDTTest" name="testLoginNegative" time="5.534"/>
  <testcase classname="tests.LoginDDTTest" name="testLoginNegative" time="4.898"/>
  <testcase classname="tests.LoginDDTTest" name="testLoginNegative" time="5.198"/>
</testsuite> <!-- tests.LoginDDTTest -->
