<?xml version="1.0" encoding="UTF-8"?>
<testng-results ignored="0" total="1" passed="1" failed="0" skipped="0">
  <reporter-output>
  </reporter-output>
  <suite started-at="2026-03-24T15:00:04 GMT+07:00" name="Surefire suite" finished-at="2026-03-24T15:00:16 GMT+07:00" duration-ms="11938">
    <groups>
    </groups>
    <test started-at="2026-03-24T15:00:04 GMT+07:00" name="Surefire test" finished-at="2026-03-24T15:00:16 GMT+07:00" duration-ms="11938">
      <class name="tests.ApiTest">
        <test-method is-config="true" signature="setup()[pri:0, instance:tests.ApiTest@69930714]" started-at="2026-03-24T15:00:04 GMT+07:00" name="setup" finished-at="2026-03-24T15:00:12 GMT+07:00" duration-ms="7828" status="PASS">
          <reporter-output>
          </reporter-output>
        </test-method> <!-- setup -->
        <test-method signature="testLoginUI()[pri:0, instance:tests.ApiTest@69930714]" started-at="2026-03-24T15:00:12 GMT+07:00" name="testLoginUI" finished-at="2026-03-24T15:00:15 GMT+07:00" duration-ms="3142" status="PASS">
          <reporter-output>
          </reporter-output>
        </test-method> <!-- testLoginUI -->
        <test-method is-config="true" signature="tearDown()[pri:0, instance:tests.ApiTest@69930714]" started-at="2026-03-24T15:00:15 GMT+07:00" name="tearDown" finished-at="2026-03-24T15:00:16 GMT+07:00" duration-ms="793" status="PASS">
          <reporter-output>
          </reporter-output>
        </test-method> <!-- tearDown -->
      </class> <!-- tests.ApiTest -->
    </test> <!-- Surefire test -->
  </suite> <!-- Surefire suite -->
</testng-results>
